#! /usr/local/Cellar/icarus-verilog/11.0/bin/vvp
:ivl_version "11.0 (stable)";
:ivl_delay_selection "TYPICAL";
:vpi_time_precision - 12;
:vpi_module "/usr/local/Cellar/icarus-verilog/11.0/lib/ivl/system.vpi";
:vpi_module "/usr/local/Cellar/icarus-verilog/11.0/lib/ivl/vhdl_sys.vpi";
:vpi_module "/usr/local/Cellar/icarus-verilog/11.0/lib/ivl/vhdl_textio.vpi";
:vpi_module "/usr/local/Cellar/icarus-verilog/11.0/lib/ivl/v2005_math.vpi";
:vpi_module "/usr/local/Cellar/icarus-verilog/11.0/lib/ivl/va_math.vpi";
S_0x7f9a9f423690 .scope module, "rec2pol_tb" "rec2pol_tb" 2 27;
 .timescale -9 -12;
v0x7f9a9f445db0_0 .var/real "PI", 0 0;
v0x7f9a9f445e60_0 .var/real "Xr", 0 0;
v0x7f9a9f445f00_0 .var/real "Yr", 0 0;
v0x7f9a9f445f90_0 .net/s "angle", 31 0, L_0x7f9a9f4482a0;  1 drivers
v0x7f9a9f446040_0 .var "clock", 0 0;
v0x7f9a9f446150_0 .var "enable", 0 0;
v0x7f9a9f446220_0 .var/real "err_atan", 0 0;
v0x7f9a9f4462b0_0 .var/real "err_mod", 0 0;
v0x7f9a9f446340_0 .var/real "fracfactor", 0 0;
v0x7f9a9f446450_0 .var/real "fracfactorangle", 0 0;
v0x7f9a9f4464e0_0 .net/s "mod", 31 0, L_0x7f9a9f448e60;  1 drivers
v0x7f9a9f446570_0 .var/i "printresults", 31 0;
v0x7f9a9f446600_0 .var/real "real_atan", 0 0;
v0x7f9a9f446690_0 .var/real "real_mod", 0 0;
v0x7f9a9f446730_0 .var "reset", 0 0;
v0x7f9a9f446800_0 .var "start", 0 0;
v0x7f9a9f4468d0_0 .var "x0", 31 0;
v0x7f9a9f446a60_0 .var "y0", 31 0;
E_0x7f9a9f42fb10 .event negedge, v0x7f9a9f444710_0;
S_0x7f9a9f42bea0 .scope task, "execcordic" "execcordic" 2 124, 2 124 0, S_0x7f9a9f423690;
 .timescale -9 -12;
v0x7f9a9f41c7f0_0 .var/s "X", 15 0;
v0x7f9a9f443720_0 .var/s "Y", 15 0;
E_0x7f9a9f4300a0 .event negedge, v0x7f9a9f444500_0;
TD_rec2pol_tb.execcordic ;
    %load/vec4 v0x7f9a9f41c7f0_0;
    %concati/vec4 0, 0, 16;
    %store/vec4 v0x7f9a9f4468d0_0, 0, 32;
    %load/vec4 v0x7f9a9f443720_0;
    %concati/vec4 0, 0, 16;
    %store/vec4 v0x7f9a9f446a60_0, 0, 32;
    %pushi/vec4 1, 0, 1;
    %store/vec4 v0x7f9a9f446800_0, 0, 1;
    %pushi/vec4 1, 0, 1;
    %store/vec4 v0x7f9a9f446150_0, 0, 1;
    %wait E_0x7f9a9f4300a0;
    %pushi/vec4 0, 0, 1;
    %store/vec4 v0x7f9a9f446800_0, 0, 1;
    %pushi/vec4 32, 0, 32;
T_0.0 %dup/vec4;
    %pushi/vec4 0, 0, 32;
    %cmp/s;
    %jmp/1xz T_0.1, 5;
    %jmp/1 T_0.1, 4;
    %pushi/vec4 1, 0, 32;
    %sub;
    %wait E_0x7f9a9f4300a0;
    %jmp T_0.0;
T_0.1 ;
    %pop/vec4 1;
    %pushi/vec4 0, 0, 1;
    %store/vec4 v0x7f9a9f446150_0, 0, 1;
    %pushi/vec4 10, 0, 32;
T_0.2 %dup/vec4;
    %pushi/vec4 0, 0, 32;
    %cmp/s;
    %jmp/1xz T_0.3, 5;
    %jmp/1 T_0.3, 4;
    %pushi/vec4 1, 0, 32;
    %sub;
    %wait E_0x7f9a9f4300a0;
    %jmp T_0.2;
T_0.3 ;
    %pop/vec4 1;
    %load/vec4 v0x7f9a9f446570_0;
    %cmpi/ne 0, 0, 32;
    %jmp/0xz  T_0.4, 4;
    %load/vec4 v0x7f9a9f41c7f0_0;
    %cvt/rv/s;
    %store/real v0x7f9a9f445e60_0;
    %load/vec4 v0x7f9a9f443720_0;
    %cvt/rv/s;
    %store/real v0x7f9a9f445f00_0;
    %load/real v0x7f9a9f445e60_0;
    %load/real v0x7f9a9f445e60_0;
    %mul/wr;
    %load/real v0x7f9a9f445f00_0;
    %load/real v0x7f9a9f445f00_0;
    %mul/wr;
    %add/wr;
    %vpi_func/r 2 150 "$sqrt", W<0,r> {0 1 0};
    %store/real v0x7f9a9f446690_0;
    %vpi_func/r 2 151 "$atan2", v0x7f9a9f445f00_0, v0x7f9a9f445e60_0 {0 0 0};
    %pushi/vec4 180, 0, 32;
    %cvt/rv/s;
    %mul/wr;
    %load/real v0x7f9a9f445db0_0;
    %div/wr;
    %store/real v0x7f9a9f446600_0;
    %load/real v0x7f9a9f446690_0;
    %load/vec4 v0x7f9a9f4464e0_0;
    %cvt/rv/s;
    %load/real v0x7f9a9f446340_0;
    %div/wr;
    %sub/wr;
    %pushi/vec4 100, 0, 32;
    %cvt/rv/s;
    %mul/wr;
    %load/vec4 v0x7f9a9f4464e0_0;
    %cvt/rv/s;
    %load/real v0x7f9a9f446340_0;
    %div/wr;
    %div/wr;
    %store/real v0x7f9a9f4462b0_0;
    %load/real v0x7f9a9f446600_0;
    %load/vec4 v0x7f9a9f445f90_0;
    %cvt/rv/s;
    %load/real v0x7f9a9f446450_0;
    %div/wr;
    %sub/wr;
    %pushi/vec4 100, 0, 32;
    %cvt/rv/s;
    %mul/wr;
    %load/vec4 v0x7f9a9f445f90_0;
    %cvt/rv/s;
    %load/real v0x7f9a9f446450_0;
    %div/wr;
    %div/wr;
    %store/real v0x7f9a9f446220_0;
    %load/vec4 v0x7f9a9f4464e0_0;
    %cvt/rv/s;
    %load/real v0x7f9a9f446340_0;
    %div/wr;
    %load/vec4 v0x7f9a9f445f90_0;
    %cvt/rv/s;
    %load/real v0x7f9a9f446450_0;
    %div/wr;
    %vpi_call 2 155 "$display", "Xi=%d, Yi = %d, Mod=%f  Angle=%f drg Exptd: M=%f, A=%f drg (ERRORs = %f%% %f%%)", v0x7f9a9f41c7f0_0, v0x7f9a9f443720_0, W<1,r>, W<0,r>, v0x7f9a9f446690_0, v0x7f9a9f446600_0, v0x7f9a9f4462b0_0, v0x7f9a9f446220_0 {0 2 0};
T_0.4 ;
    %end;
S_0x7f9a9f4437c0 .scope module, "uut" "rec2pol" 2 42, 3 35 0, S_0x7f9a9f423690;
 .timescale -9 -12;
    .port_info 0 /INPUT 1 "clock";
    .port_info 1 /INPUT 1 "reset";
    .port_info 2 /INPUT 1 "enable";
    .port_info 3 /INPUT 1 "start";
    .port_info 4 /INPUT 32 "x";
    .port_info 5 /INPUT 32 "y";
    .port_info 6 /OUTPUT 32 "mod";
    .port_info 7 /OUTPUT 32 "angle";
L_0x7f9a9f4482a0 .functor BUFZ 32, v0x7f9a9f445c40_0, C4<00000000000000000000000000000000>, C4<00000000000000000000000000000000>, C4<00000000000000000000000000000000>;
v0x7f9a9f4452a0_0 .net "addr", 5 0, v0x7f9a9f4445a0_0;  1 drivers
v0x7f9a9f445370_0 .net/s "angle", 31 0, L_0x7f9a9f4482a0;  alias, 1 drivers
v0x7f9a9f445400_0 .net "clock", 0 0, v0x7f9a9f446040_0;  1 drivers
v0x7f9a9f4454b0_0 .net/s "data_out_rom", 31 0, L_0x7f9a9f448510;  1 drivers
v0x7f9a9f445560_0 .net "enable", 0 0, v0x7f9a9f446150_0;  1 drivers
v0x7f9a9f445630_0 .net/s "mod", 31 0, L_0x7f9a9f448e60;  alias, 1 drivers
v0x7f9a9f4456e0_0 .net "reset", 0 0, v0x7f9a9f446730_0;  1 drivers
v0x7f9a9f445790_0 .net/s "sr1", 33 0, L_0x7f9a9f4480e0;  1 drivers
v0x7f9a9f445820_0 .net/s "sr2", 33 0, L_0x7f9a9f448180;  1 drivers
v0x7f9a9f445930_0 .net "start", 0 0, v0x7f9a9f446800_0;  1 drivers
v0x7f9a9f4459e0_0 .net/s "x", 31 0, v0x7f9a9f4468d0_0;  1 drivers
v0x7f9a9f445a70_0 .var/s "xr", 33 0;
v0x7f9a9f445b00_0 .net/s "y", 31 0, v0x7f9a9f446a60_0;  1 drivers
v0x7f9a9f445b90_0 .var/s "yr", 33 0;
v0x7f9a9f445c40_0 .var/s "zr", 31 0;
L_0x7f9a9f4480e0 .shift/rs 34, v0x7f9a9f445b90_0, v0x7f9a9f4445a0_0;
L_0x7f9a9f448180 .shift/rs 34, v0x7f9a9f445a70_0, v0x7f9a9f4445a0_0;
S_0x7f9a9f443a80 .scope module, "atan_1" "ATAN_ROM" 3 141, 4 36 0, S_0x7f9a9f4437c0;
 .timescale 0 0;
    .port_info 0 /INPUT 6 "addr";
    .port_info 1 /OUTPUT 32 "data";
P_0x7f9a9f443c40 .param/str "ATANLUT_FILENAME" 0 4 42, "../../simdata/atanLUTd.hex";
P_0x7f9a9f443c80 .param/l "ROMSIZE" 0 4 41, +C4<00000000000000000000000000100000>;
L_0x7f9a9f448510 .functor BUFZ 32, L_0x7f9a9f448310, C4<00000000000000000000000000000000>, C4<00000000000000000000000000000000>, C4<00000000000000000000000000000000>;
v0x7f9a9f443e60_0 .net *"_ivl_0", 31 0, L_0x7f9a9f448310;  1 drivers
v0x7f9a9f443f00_0 .net *"_ivl_2", 6 0, L_0x7f9a9f4483d0;  1 drivers
L_0x7f9a9f563008 .functor BUFT 1, C4<0>, C4<0>, C4<0>, C4<0>;
v0x7f9a9f443fa0_0 .net *"_ivl_5", 0 0, L_0x7f9a9f563008;  1 drivers
v0x7f9a9f444030_0 .net "addr", 5 0, v0x7f9a9f4445a0_0;  alias, 1 drivers
v0x7f9a9f4440c0 .array "atanLUT", 31 0, 31 0;
v0x7f9a9f444190_0 .net "data", 31 0, L_0x7f9a9f448510;  alias, 1 drivers
L_0x7f9a9f448310 .array/port v0x7f9a9f4440c0, L_0x7f9a9f4483d0;
L_0x7f9a9f4483d0 .concat [ 6 1 0 0], v0x7f9a9f4445a0_0, L_0x7f9a9f563008;
S_0x7f9a9f444260 .scope module, "iter_1" "ITERCOUNTER" 3 125, 5 28 0, S_0x7f9a9f4437c0;
 .timescale 0 0;
    .port_info 0 /INPUT 1 "clock";
    .port_info 1 /INPUT 1 "reset";
    .port_info 2 /INPUT 1 "start";
    .port_info 3 /INPUT 1 "enable";
    .port_info 4 /OUTPUT 6 "count";
v0x7f9a9f444500_0 .net "clock", 0 0, v0x7f9a9f446040_0;  alias, 1 drivers
v0x7f9a9f4445a0_0 .var "count", 5 0;
v0x7f9a9f444660_0 .net "enable", 0 0, v0x7f9a9f446150_0;  alias, 1 drivers
v0x7f9a9f444710_0 .net "reset", 0 0, v0x7f9a9f446730_0;  alias, 1 drivers
v0x7f9a9f4447a0_0 .net "start", 0 0, v0x7f9a9f446800_0;  alias, 1 drivers
E_0x7f9a9f4444d0 .event posedge, v0x7f9a9f444500_0;
S_0x7f9a9f444900 .scope module, "modscal_1" "MODSCALE" 3 155, 6 29 0, S_0x7f9a9f4437c0;
 .timescale 0 0;
    .port_info 0 /INPUT 34 "XF";
    .port_info 1 /OUTPUT 32 "MODUL";
P_0x7f9a9f444ac0 .param/l "CORDIC_SCALE_FACTOR" 0 6 34, C4<00000000000000000000000000000000100110110111010100>;
v0x7f9a9f444c50_0 .net "MODUL", 31 0, L_0x7f9a9f448e60;  alias, 1 drivers
v0x7f9a9f444d10_0 .net "XF", 33 0, v0x7f9a9f445a70_0;  1 drivers
v0x7f9a9f444b50_0 .net *"_ivl_1", 0 0, L_0x7f9a9f448600;  1 drivers
v0x7f9a9f444db0_0 .net *"_ivl_10", 49 0, L_0x7f9a9f448dc0;  1 drivers
v0x7f9a9f444e60_0 .net *"_ivl_12", 31 0, L_0x7f9a9f448cb0;  1 drivers
v0x7f9a9f444f50_0 .net *"_ivl_2", 15 0, L_0x7f9a9f4486a0;  1 drivers
v0x7f9a9f445000_0 .net *"_ivl_4", 49 0, L_0x7f9a9f448890;  1 drivers
L_0x7f9a9f563050 .functor BUFT 1, C4<00000000000000000000000000000000100110110111010100>, C4<0>, C4<0>, C4<0>;
v0x7f9a9f4450b0_0 .net/2s *"_ivl_6", 49 0, L_0x7f9a9f563050;  1 drivers
v0x7f9a9f445160_0 .net/s *"_ivl_9", 49 0, L_0x7f9a9f448b90;  1 drivers
L_0x7f9a9f448600 .part v0x7f9a9f445a70_0, 33, 1;
LS_0x7f9a9f4486a0_0_0 .concat [ 1 1 1 1], L_0x7f9a9f448600, L_0x7f9a9f448600, L_0x7f9a9f448600, L_0x7f9a9f448600;
LS_0x7f9a9f4486a0_0_4 .concat [ 1 1 1 1], L_0x7f9a9f448600, L_0x7f9a9f448600, L_0x7f9a9f448600, L_0x7f9a9f448600;
LS_0x7f9a9f4486a0_0_8 .concat [ 1 1 1 1], L_0x7f9a9f448600, L_0x7f9a9f448600, L_0x7f9a9f448600, L_0x7f9a9f448600;
LS_0x7f9a9f4486a0_0_12 .concat [ 1 1 1 1], L_0x7f9a9f448600, L_0x7f9a9f448600, L_0x7f9a9f448600, L_0x7f9a9f448600;
L_0x7f9a9f4486a0 .concat [ 4 4 4 4], LS_0x7f9a9f4486a0_0_0, LS_0x7f9a9f4486a0_0_4, LS_0x7f9a9f4486a0_0_8, LS_0x7f9a9f4486a0_0_12;
L_0x7f9a9f448890 .concat [ 34 16 0 0], v0x7f9a9f445a70_0, L_0x7f9a9f4486a0;
L_0x7f9a9f448b90 .arith/mult 50, L_0x7f9a9f448890, L_0x7f9a9f563050;
L_0x7f9a9f448cb0 .part L_0x7f9a9f448b90, 18, 32;
L_0x7f9a9f448dc0 .extend/s 50, L_0x7f9a9f448cb0;
L_0x7f9a9f448e60 .part L_0x7f9a9f448dc0, 0, 32;
S_0x7f9a9f423830 .scope module, "sum_sub1" "sum_sub1" 7 3;
 .timescale -9 -12;
    .port_info 0 /INPUT 34 "A";
    .port_info 1 /INPUT 34 "B";
    .port_info 2 /INPUT 1 "yr";
    .port_info 3 /INPUT 32 "x_y";
    .port_info 4 /INPUT 1 "start";
    .port_info 5 /OUTPUT 34 "mux";
o0x7f9a9f532a28 .functor BUFZ 34, C4<zzzzzzzzzzzzzzzzzzzzzzzzzzzzzzzzzz>; HiZ drive
v0x7f9a9f446af0_0 .net "A", 33 0, o0x7f9a9f532a28;  0 drivers
o0x7f9a9f532a58 .functor BUFZ 34, C4<zzzzzzzzzzzzzzzzzzzzzzzzzzzzzzzzzz>; HiZ drive
v0x7f9a9f446b80_0 .net "B", 33 0, o0x7f9a9f532a58;  0 drivers
v0x7f9a9f446c10_0 .net *"_ivl_6", 33 0, L_0x7f9a9f449280;  1 drivers
L_0x7f9a9f563098 .functor BUFT 1, C4<00>, C4<0>, C4<0>, C4<0>;
v0x7f9a9f446ca0_0 .net *"_ivl_9", 1 0, L_0x7f9a9f563098;  1 drivers
v0x7f9a9f446d30_0 .net "add_sub", 33 0, L_0x7f9a9f449160;  1 drivers
v0x7f9a9f446e20_0 .net "mux", 33 0, L_0x7f9a9f449360;  1 drivers
o0x7f9a9f532b48 .functor BUFZ 1, C4<z>; HiZ drive
v0x7f9a9f446ed0_0 .net "start", 0 0, o0x7f9a9f532b48;  0 drivers
v0x7f9a9f446f70_0 .net "sub", 33 0, L_0x7f9a9f449080;  1 drivers
v0x7f9a9f447020_0 .net "sum", 33 0, L_0x7f9a9f448f80;  1 drivers
o0x7f9a9f532bd8 .functor BUFZ 32, C4<zzzzzzzzzzzzzzzzzzzzzzzzzzzzzzzz>; HiZ drive
v0x7f9a9f447130_0 .net "x_y", 31 0, o0x7f9a9f532bd8;  0 drivers
o0x7f9a9f532c08 .functor BUFZ 1, C4<z>; HiZ drive
v0x7f9a9f4471e0_0 .net "yr", 0 0, o0x7f9a9f532c08;  0 drivers
L_0x7f9a9f448f80 .arith/sum 34, o0x7f9a9f532a28, o0x7f9a9f532a58;
L_0x7f9a9f449080 .arith/sub 34, o0x7f9a9f532a28, o0x7f9a9f532a58;
L_0x7f9a9f449160 .functor MUXZ 34, L_0x7f9a9f449080, L_0x7f9a9f448f80, o0x7f9a9f532c08, C4<>;
L_0x7f9a9f449280 .concat [ 32 2 0 0], o0x7f9a9f532bd8, L_0x7f9a9f563098;
L_0x7f9a9f449360 .functor MUXZ 34, L_0x7f9a9f449160, L_0x7f9a9f449280, o0x7f9a9f532b48, C4<>;
S_0x7f9a9f437ba0 .scope module, "sum_sub2" "sum_sub2" 8 3;
 .timescale -9 -12;
    .port_info 0 /INPUT 32 "A";
    .port_info 1 /INPUT 32 "B";
    .port_info 2 /INPUT 1 "yr";
    .port_info 3 /INPUT 1 "start";
    .port_info 4 /OUTPUT 32 "mux";
P_0x7f9a9f418190 .param/l "aux" 0 8 15, C4<00000000000000000000000000000000>;
o0x7f9a9f532d58 .functor BUFZ 32, C4<zzzzzzzzzzzzzzzzzzzzzzzzzzzzzzzz>; HiZ drive
v0x7f9a9f447310_0 .net "A", 31 0, o0x7f9a9f532d58;  0 drivers
o0x7f9a9f532d88 .functor BUFZ 32, C4<zzzzzzzzzzzzzzzzzzzzzzzzzzzzzzzz>; HiZ drive
v0x7f9a9f4473a0_0 .net "B", 31 0, o0x7f9a9f532d88;  0 drivers
v0x7f9a9f447430_0 .net *"_ivl_0", 33 0, L_0x7f9a9f4494d0;  1 drivers
v0x7f9a9f4474d0_0 .net *"_ivl_10", 33 0, L_0x7f9a9f4498b0;  1 drivers
L_0x7f9a9f563170 .functor BUFT 1, C4<00>, C4<0>, C4<0>, C4<0>;
v0x7f9a9f447580_0 .net *"_ivl_13", 1 0, L_0x7f9a9f563170;  1 drivers
v0x7f9a9f447670_0 .net *"_ivl_14", 33 0, L_0x7f9a9f4499d0;  1 drivers
L_0x7f9a9f5631b8 .functor BUFT 1, C4<00>, C4<0>, C4<0>, C4<0>;
v0x7f9a9f447720_0 .net *"_ivl_17", 1 0, L_0x7f9a9f5631b8;  1 drivers
L_0x7f9a9f563200 .functor BUFT 1, C4<0000000000000000000000000000000000>, C4<0>, C4<0>, C4<0>;
v0x7f9a9f4477d0_0 .net/2u *"_ivl_22", 33 0, L_0x7f9a9f563200;  1 drivers
v0x7f9a9f447880_0 .net *"_ivl_24", 33 0, L_0x7f9a9f449d80;  1 drivers
L_0x7f9a9f5630e0 .functor BUFT 1, C4<00>, C4<0>, C4<0>, C4<0>;
v0x7f9a9f447990_0 .net *"_ivl_3", 1 0, L_0x7f9a9f5630e0;  1 drivers
v0x7f9a9f447a40_0 .net *"_ivl_4", 33 0, L_0x7f9a9f4495f0;  1 drivers
L_0x7f9a9f563128 .functor BUFT 1, C4<00>, C4<0>, C4<0>, C4<0>;
v0x7f9a9f447af0_0 .net *"_ivl_7", 1 0, L_0x7f9a9f563128;  1 drivers
v0x7f9a9f447ba0_0 .net "add_sub", 33 0, L_0x7f9a9f449c60;  1 drivers
v0x7f9a9f447c50_0 .net "mux", 31 0, L_0x7f9a9f449ea0;  1 drivers
o0x7f9a9f532ff8 .functor BUFZ 1, C4<z>; HiZ drive
v0x7f9a9f447d00_0 .net "start", 0 0, o0x7f9a9f532ff8;  0 drivers
v0x7f9a9f447da0_0 .net "sub", 33 0, L_0x7f9a9f449b20;  1 drivers
v0x7f9a9f447e50_0 .net "sum", 33 0, L_0x7f9a9f449770;  1 drivers
o0x7f9a9f533088 .functor BUFZ 1, C4<z>; HiZ drive
v0x7f9a9f447fe0_0 .net "yr", 0 0, o0x7f9a9f533088;  0 drivers
L_0x7f9a9f4494d0 .concat [ 32 2 0 0], o0x7f9a9f532d58, L_0x7f9a9f5630e0;
L_0x7f9a9f4495f0 .concat [ 32 2 0 0], o0x7f9a9f532d88, L_0x7f9a9f563128;
L_0x7f9a9f449770 .arith/sum 34, L_0x7f9a9f4494d0, L_0x7f9a9f4495f0;
L_0x7f9a9f4498b0 .concat [ 32 2 0 0], o0x7f9a9f532d58, L_0x7f9a9f563170;
L_0x7f9a9f4499d0 .concat [ 32 2 0 0], o0x7f9a9f532d88, L_0x7f9a9f5631b8;
L_0x7f9a9f449b20 .arith/sub 34, L_0x7f9a9f4498b0, L_0x7f9a9f4499d0;
L_0x7f9a9f449c60 .functor MUXZ 34, L_0x7f9a9f449b20, L_0x7f9a9f449770, o0x7f9a9f533088, C4<>;
L_0x7f9a9f449d80 .functor MUXZ 34, L_0x7f9a9f449c60, L_0x7f9a9f563200, o0x7f9a9f532ff8, C4<>;
L_0x7f9a9f449ea0 .part L_0x7f9a9f449d80, 0, 32;
    .scope S_0x7f9a9f444260;
T_1 ;
    %wait E_0x7f9a9f4444d0;
    %load/vec4 v0x7f9a9f444710_0;
    %flag_set/vec4 8;
    %jmp/0xz  T_1.0, 8;
    %pushi/vec4 0, 0, 6;
    %assign/vec4 v0x7f9a9f4445a0_0, 0;
    %jmp T_1.1;
T_1.0 ;
    %load/vec4 v0x7f9a9f444660_0;
    %flag_set/vec4 8;
    %jmp/0xz  T_1.2, 8;
    %load/vec4 v0x7f9a9f4447a0_0;
    %flag_set/vec4 8;
    %jmp/0xz  T_1.4, 8;
    %pushi/vec4 0, 0, 6;
    %assign/vec4 v0x7f9a9f4445a0_0, 0;
    %jmp T_1.5;
T_1.4 ;
    %load/vec4 v0x7f9a9f4445a0_0;
    %addi 1, 0, 6;
    %assign/vec4 v0x7f9a9f4445a0_0, 0;
T_1.5 ;
T_1.2 ;
T_1.1 ;
    %jmp T_1;
    .thread T_1;
    .scope S_0x7f9a9f443a80;
T_2 ;
    %vpi_call 4 47 "$readmemh", P_0x7f9a9f443c40, v0x7f9a9f4440c0 {0 0 0};
    %end;
    .thread T_2;
    .scope S_0x7f9a9f4437c0;
T_3 ;
    %wait E_0x7f9a9f4444d0;
    %load/vec4 v0x7f9a9f4456e0_0;
    %flag_set/vec4 8;
    %jmp/0xz  T_3.0, 8;
    %pushi/vec4 0, 0, 34;
    %assign/vec4 v0x7f9a9f445b90_0, 0;
    %jmp T_3.1;
T_3.0 ;
    %load/vec4 v0x7f9a9f445930_0;
    %flag_set/vec4 8;
    %jmp/0xz  T_3.2, 8;
    %load/vec4 v0x7f9a9f445b00_0;
    %pad/s 34;
    %assign/vec4 v0x7f9a9f445b90_0, 0;
    %jmp T_3.3;
T_3.2 ;
    %load/vec4 v0x7f9a9f445b90_0;
    %parti/s 1, 33, 7;
    %flag_set/vec4 8;
    %jmp/0xz  T_3.4, 8;
    %load/vec4 v0x7f9a9f445b90_0;
    %load/vec4 v0x7f9a9f445a70_0;
    %ix/getv 4, v0x7f9a9f4452a0_0;
    %shiftr/s 4;
    %add;
    %assign/vec4 v0x7f9a9f445b90_0, 0;
    %jmp T_3.5;
T_3.4 ;
    %load/vec4 v0x7f9a9f445b90_0;
    %load/vec4 v0x7f9a9f445a70_0;
    %ix/getv 4, v0x7f9a9f4452a0_0;
    %shiftr/s 4;
    %sub;
    %assign/vec4 v0x7f9a9f445b90_0, 0;
T_3.5 ;
T_3.3 ;
T_3.1 ;
    %jmp T_3;
    .thread T_3;
    .scope S_0x7f9a9f4437c0;
T_4 ;
    %wait E_0x7f9a9f4444d0;
    %load/vec4 v0x7f9a9f4456e0_0;
    %flag_set/vec4 8;
    %jmp/0xz  T_4.0, 8;
    %pushi/vec4 0, 0, 34;
    %assign/vec4 v0x7f9a9f445a70_0, 0;
    %jmp T_4.1;
T_4.0 ;
    %load/vec4 v0x7f9a9f445930_0;
    %flag_set/vec4 8;
    %jmp/0xz  T_4.2, 8;
    %load/vec4 v0x7f9a9f4459e0_0;
    %pad/s 34;
    %assign/vec4 v0x7f9a9f445a70_0, 0;
    %jmp T_4.3;
T_4.2 ;
    %load/vec4 v0x7f9a9f445b90_0;
    %parti/s 1, 33, 7;
    %flag_set/vec4 8;
    %jmp/0xz  T_4.4, 8;
    %load/vec4 v0x7f9a9f445a70_0;
    %load/vec4 v0x7f9a9f445b90_0;
    %ix/getv 4, v0x7f9a9f4452a0_0;
    %shiftr/s 4;
    %sub;
    %assign/vec4 v0x7f9a9f445a70_0, 0;
    %jmp T_4.5;
T_4.4 ;
    %load/vec4 v0x7f9a9f445a70_0;
    %load/vec4 v0x7f9a9f445a70_0;
    %ix/getv 4, v0x7f9a9f4452a0_0;
    %shiftr/s 4;
    %add;
    %assign/vec4 v0x7f9a9f445a70_0, 0;
T_4.5 ;
T_4.3 ;
T_4.1 ;
    %jmp T_4;
    .thread T_4;
    .scope S_0x7f9a9f4437c0;
T_5 ;
    %wait E_0x7f9a9f4444d0;
    %load/vec4 v0x7f9a9f4456e0_0;
    %flag_set/vec4 8;
    %jmp/0xz  T_5.0, 8;
    %pushi/vec4 0, 0, 32;
    %assign/vec4 v0x7f9a9f445c40_0, 0;
    %jmp T_5.1;
T_5.0 ;
    %load/vec4 v0x7f9a9f445930_0;
    %flag_set/vec4 8;
    %jmp/0xz  T_5.2, 8;
    %pushi/vec4 0, 0, 32;
    %assign/vec4 v0x7f9a9f445c40_0, 0;
    %jmp T_5.3;
T_5.2 ;
    %load/vec4 v0x7f9a9f445b90_0;
    %parti/s 1, 33, 7;
    %flag_set/vec4 8;
    %jmp/0xz  T_5.4, 8;
    %load/vec4 v0x7f9a9f445c40_0;
    %load/vec4 v0x7f9a9f4454b0_0;
    %sub;
    %assign/vec4 v0x7f9a9f445c40_0, 0;
    %jmp T_5.5;
T_5.4 ;
    %load/vec4 v0x7f9a9f445c40_0;
    %load/vec4 v0x7f9a9f4454b0_0;
    %add;
    %assign/vec4 v0x7f9a9f445c40_0, 0;
T_5.5 ;
T_5.3 ;
T_5.1 ;
    %jmp T_5;
    .thread T_5;
    .scope S_0x7f9a9f423690;
T_6 ;
    %pushi/vec4 1, 0, 32;
    %store/vec4 v0x7f9a9f446570_0, 0, 32;
    %pushi/real 1073741824, 4082; load=65536.0
    %store/real v0x7f9a9f446340_0;
    %pushi/real 1073741824, 4090; load=1.67772e+07
    %store/real v0x7f9a9f446450_0;
    %pushi/real 1686629713, 4067; load=3.14159
    %pushi/real 296672, 4045; load=3.14159
    %add/wr;
    %store/real v0x7f9a9f445db0_0;
    %end;
    .thread T_6;
    .scope S_0x7f9a9f423690;
T_7 ;
    %pushi/vec4 0, 0, 1;
    %store/vec4 v0x7f9a9f446040_0, 0, 1;
    %pushi/vec4 0, 0, 1;
    %store/vec4 v0x7f9a9f446730_0, 0, 1;
    %pushi/vec4 0, 0, 1;
    %store/vec4 v0x7f9a9f446150_0, 0, 1;
    %pushi/vec4 0, 0, 1;
    %store/vec4 v0x7f9a9f446800_0, 0, 1;
    %pushi/vec4 0, 0, 32;
    %store/vec4 v0x7f9a9f4468d0_0, 0, 32;
    %pushi/vec4 0, 0, 32;
    %store/vec4 v0x7f9a9f446a60_0, 0, 32;
    %end;
    .thread T_7;
    .scope S_0x7f9a9f423690;
T_8 ;
    %delay 11000, 0;
T_8.0 ;
    %delay 5000, 0;
    %load/vec4 v0x7f9a9f446040_0;
    %inv;
    %store/vec4 v0x7f9a9f446040_0, 0, 1;
    %jmp T_8.0;
    %end;
    .thread T_8;
    .scope S_0x7f9a9f423690;
T_9 ;
    %delay 101000, 0;
    %pushi/vec4 1, 0, 1;
    %store/vec4 v0x7f9a9f446730_0, 0, 1;
    %delay 20000, 0;
    %pushi/vec4 0, 0, 1;
    %store/vec4 v0x7f9a9f446730_0, 0, 1;
    %end;
    .thread T_9;
    .scope S_0x7f9a9f423690;
T_10 ;
    %delay 10000, 0;
    %wait E_0x7f9a9f42fb10;
    %pushi/vec4 10, 0, 32;
T_10.0 %dup/vec4;
    %pushi/vec4 0, 0, 32;
    %cmp/s;
    %jmp/1xz T_10.1, 5;
    %jmp/1 T_10.1, 4;
    %pushi/vec4 1, 0, 32;
    %sub;
    %wait E_0x7f9a9f4300a0;
    %jmp T_10.0;
T_10.1 ;
    %pop/vec4 1;
    %pushi/vec4 123, 0, 16;
    %store/vec4 v0x7f9a9f41c7f0_0, 0, 16;
    %pushi/vec4 456, 0, 16;
    %store/vec4 v0x7f9a9f443720_0, 0, 16;
    %fork TD_rec2pol_tb.execcordic, S_0x7f9a9f42bea0;
    %join;
    %vpi_call 2 102 "$stop" {0 0 0};
    %end;
    .thread T_10;
# The file index is used to find the file name in the following table.
:file_names 9;
    "N/A";
    "<interactive>";
    "rec2pol_tb.v";
    "rec2pol.v";
    "ATAN_ROM.v";
    "ITERCOUNTER.v";
    "MODSCALE.v";
    "sum_sub_mux.v";
    "sum_sub_mux_ATAN.v";
