#! /opt/homebrew/Cellar/icarus-verilog/11.0/bin/vvp
:ivl_version "11.0 (stable)";
:ivl_delay_selection "TYPICAL";
:vpi_time_precision - 9;
:vpi_module "/opt/homebrew/Cellar/icarus-verilog/11.0/lib/ivl/system.vpi";
:vpi_module "/opt/homebrew/Cellar/icarus-verilog/11.0/lib/ivl/vhdl_sys.vpi";
:vpi_module "/opt/homebrew/Cellar/icarus-verilog/11.0/lib/ivl/vhdl_textio.vpi";
:vpi_module "/opt/homebrew/Cellar/icarus-verilog/11.0/lib/ivl/v2005_math.vpi";
:vpi_module "/opt/homebrew/Cellar/icarus-verilog/11.0/lib/ivl/va_math.vpi";
S_0x11f604bc0 .scope module, "psdsqrt_tb" "psdsqrt_tb" 2 16;
 .timescale -9 -9;
P_0x600001864000 .param/l "CLOCK_PERIOD" 0 2 25, +C4<00000000000000000000000000001010>;
P_0x600001864040 .param/l "MAX_SIM_TIME" 0 2 26, +C4<00000101111101011110000100000000>;
P_0x600001864080 .param/l "NBITSIN_tb" 0 2 29, +C4<00000000000000000000000000100000>;
P_0x6000018640c0 .param/l "k_tb" 0 2 30, +C4<00000000000000000000000000010100>;
v0x600001664f30_0 .var "clock", 0 0;
v0x600001664fc0_0 .var "reset", 0 0;
v0x600001665050_0 .net "sqrt", 25 0, v0x600001664b40_0;  1 drivers
v0x6000016650e0_0 .var "start", 0 0;
v0x600001665170_0 .var "stop", 0 0;
v0x600001665200_0 .var "x", 51 0;
S_0x11f604d30 .scope task, "execsqrt" "execsqrt" 2 138, 2 138 0, S_0x11f604bc0;
 .timescale -9 -9;
v0x600001664360_0 .var "xin", 31 0;
E_0x600002a641e0 .event negedge, v0x600001664990_0;
E_0x600002a64210 .event posedge, v0x600001664990_0;
TD_psdsqrt_tb.execsqrt ;
    %load/vec4 v0x600001664360_0;
    %pad/u 52;
    %store/vec4 v0x600001665200_0, 0, 52;
    %wait E_0x600002a641e0;
    %pushi/vec4 1, 0, 1;
    %store/vec4 v0x6000016650e0_0, 0, 1;
    %wait E_0x600002a641e0;
    %pushi/vec4 0, 0, 1;
    %store/vec4 v0x6000016650e0_0, 0, 1;
    %pushi/vec4 16, 0, 32;
T_0.0 %dup/vec4;
    %pushi/vec4 0, 0, 32;
    %cmp/s;
    %jmp/1xz T_0.1, 5;
    %jmp/1 T_0.1, 4;
    %pushi/vec4 1, 0, 32;
    %sub;
    %wait E_0x600002a64210;
    %jmp T_0.0;
T_0.1 ;
    %pop/vec4 1;
    %wait E_0x600002a641e0;
    %pushi/vec4 1, 0, 1;
    %store/vec4 v0x600001665170_0, 0, 1;
    %wait E_0x600002a641e0;
    %pushi/vec4 0, 0, 1;
    %store/vec4 v0x600001665170_0, 0, 1;
    %wait E_0x600002a641e0;
    %end;
S_0x11f604ea0 .scope function.vec4.s16, "golden_sqrt" "golden_sqrt" 2 169, 2 169 0, S_0x11f604bc0;
 .timescale -9 -9;
; Variable golden_sqrt is vec4 return value of scope S_0x11f604ea0
v0x600001664480_0 .var/i "i", 31 0;
v0x600001664510_0 .var "mask", 15 0;
v0x6000016645a0_0 .var "temproot", 15 0;
v0x600001664630_0 .var "xin", 31 0;
TD_psdsqrt_tb.golden_sqrt ;
    %pushi/vec4 32768, 0, 16;
    %store/vec4 v0x600001664510_0, 0, 16;
    %pushi/vec4 0, 0, 16;
    %store/vec4 v0x6000016645a0_0, 0, 16;
    %pushi/vec4 0, 0, 32;
    %store/vec4 v0x600001664480_0, 0, 32;
T_1.2 ;
    %load/vec4 v0x600001664480_0;
    %cmpi/s 16, 0, 32;
    %jmp/0xz T_1.3, 5;
    %load/vec4 v0x6000016645a0_0;
    %pad/u 32;
    %load/vec4 v0x600001664510_0;
    %pad/u 32;
    %or;
    %load/vec4 v0x6000016645a0_0;
    %pad/u 32;
    %load/vec4 v0x600001664510_0;
    %pad/u 32;
    %or;
    %mul;
    %load/vec4 v0x600001664630_0;
    %cmp/u;
    %flag_or 5, 4;
    %jmp/0xz  T_1.4, 5;
    %load/vec4 v0x6000016645a0_0;
    %load/vec4 v0x600001664510_0;
    %or;
    %store/vec4 v0x6000016645a0_0, 0, 16;
T_1.4 ;
    %load/vec4 v0x600001664510_0;
    %ix/load 4, 1, 0;
    %flag_set/imm 4, 0;
    %shiftr 4;
    %store/vec4 v0x600001664510_0, 0, 16;
    %load/vec4 v0x600001664480_0;
    %addi 1, 0, 32;
    %store/vec4 v0x600001664480_0, 0, 32;
    %jmp T_1.2;
T_1.3 ;
    %load/vec4 v0x6000016645a0_0;
    %ret/vec4 0, 0, 16;  Assign to golden_sqrt (store_vec4_to_lval)
    %end;
S_0x11f605010 .scope module, "psdsqrt_1" "psdsqrt" 2 48, 3 1 0, S_0x11f604bc0;
 .timescale 0 0;
    .port_info 0 /INPUT 1 "clock";
    .port_info 1 /INPUT 1 "reset";
    .port_info 2 /INPUT 1 "start";
    .port_info 3 /INPUT 1 "stop";
    .port_info 4 /INPUT 52 "xin";
    .port_info 5 /OUTPUT 26 "sqrt";
P_0x600000a64080 .param/l "NBITSIN" 0 3 12, +C4<00000000000000000000000000100000>;
P_0x600000a640c0 .param/l "k" 0 3 13, +C4<00000000000000000000000000010100>;
L_0x600000f60230 .functor OR 26, v0x600001664d80_0, v0x6000016647e0_0, C4<00000000000000000000000000>, C4<00000000000000000000000000>;
v0x600001664750_0 .var/s "FF1", 51 0;
v0x6000016647e0_0 .var/s "FF2", 25 0;
v0x600001664870_0 .net/s *"_ivl_0", 51 0, L_0x60000156c000;  1 drivers
v0x600001664900_0 .net/s *"_ivl_2", 51 0, L_0x60000156c0a0;  1 drivers
v0x600001664990_0 .net "clock", 0 0, v0x600001664f30_0;  1 drivers
v0x600001664a20_0 .var/s "comparator", 0 0;
v0x600001664ab0_0 .net "reset", 0 0, v0x600001664fc0_0;  1 drivers
v0x600001664b40_0 .var "sqrt", 25 0;
v0x600001664bd0_0 .net/s "sqtestsqrt", 51 0, L_0x60000156c140;  1 drivers
v0x600001664c60_0 .net "start", 0 0, v0x6000016650e0_0;  1 drivers
v0x600001664cf0_0 .net "stop", 0 0, v0x600001665170_0;  1 drivers
v0x600001664d80_0 .var/s "tempsqrt", 25 0;
v0x600001664e10_0 .net/s "testsqrt", 25 0, L_0x600000f60230;  1 drivers
v0x600001664ea0_0 .net "xin", 51 0, v0x600001665200_0;  1 drivers
E_0x600002a64270 .event edge, v0x600001664750_0, v0x600001664bd0_0;
L_0x60000156c000 .extend/s 52, L_0x600000f60230;
L_0x60000156c0a0 .extend/s 52, L_0x600000f60230;
L_0x60000156c140 .arith/mult 52, L_0x60000156c000, L_0x60000156c0a0;
    .scope S_0x11f605010;
T_2 ;
    %wait E_0x600002a64210;
    %load/vec4 v0x600001664ab0_0;
    %flag_set/vec4 8;
    %jmp/0xz  T_2.0, 8;
    %pushi/vec4 0, 0, 52;
    %assign/vec4 v0x600001664750_0, 0;
    %jmp T_2.1;
T_2.0 ;
    %load/vec4 v0x600001664c60_0;
    %pushi/vec4 1, 0, 1;
    %and;
    %flag_set/vec4 8;
    %jmp/0xz  T_2.2, 8;
    %load/vec4 v0x600001664ea0_0;
    %ix/load 4, 20, 0;
    %flag_set/imm 4, 0;
    %shiftl 4;
    %assign/vec4 v0x600001664750_0, 0;
T_2.2 ;
    %load/vec4 v0x600001664ea0_0;
    %assign/vec4 v0x600001664750_0, 0;
T_2.1 ;
    %jmp T_2;
    .thread T_2;
    .scope S_0x11f605010;
T_3 ;
    %wait E_0x600002a64270;
    %load/vec4 v0x600001664bd0_0;
    %load/vec4 v0x600001664750_0;
    %cmp/s;
    %flag_or 5, 4;
    %jmp/0xz  T_3.0, 5;
    %pushi/vec4 1, 0, 1;
    %assign/vec4 v0x600001664a20_0, 0;
    %jmp T_3.1;
T_3.0 ;
    %pushi/vec4 0, 0, 1;
    %assign/vec4 v0x600001664a20_0, 0;
T_3.1 ;
    %jmp T_3;
    .thread T_3, $push;
    .scope S_0x11f605010;
T_4 ;
    %wait E_0x600002a64210;
    %load/vec4 v0x600001664ab0_0;
    %flag_set/vec4 8;
    %jmp/0xz  T_4.0, 8;
    %pushi/vec4 0, 0, 26;
    %assign/vec4 v0x600001664d80_0, 0;
    %jmp T_4.1;
T_4.0 ;
    %load/vec4 v0x600001664c60_0;
    %flag_set/vec4 8;
    %jmp/0xz  T_4.2, 8;
    %pushi/vec4 0, 0, 26;
    %assign/vec4 v0x600001664d80_0, 0;
    %jmp T_4.3;
T_4.2 ;
    %load/vec4 v0x600001664a20_0;
    %flag_set/vec4 8;
    %jmp/0 T_4.4, 8;
    %load/vec4 v0x600001664e10_0;
    %jmp/1 T_4.5, 8;
T_4.4 ; End of true expr.
    %load/vec4 v0x600001664d80_0;
    %jmp/0 T_4.5, 8;
 ; End of false expr.
    %blend;
T_4.5;
    %assign/vec4 v0x600001664d80_0, 0;
T_4.3 ;
T_4.1 ;
    %jmp T_4;
    .thread T_4;
    .scope S_0x11f605010;
T_5 ;
    %wait E_0x600002a64210;
    %load/vec4 v0x600001664ab0_0;
    %flag_set/vec4 8;
    %jmp/0xz  T_5.0, 8;
    %pushi/vec4 0, 0, 26;
    %assign/vec4 v0x600001664b40_0, 0;
    %jmp T_5.1;
T_5.0 ;
    %load/vec4 v0x600001664cf0_0;
    %flag_set/vec4 8;
    %jmp/0xz  T_5.2, 8;
    %load/vec4 v0x600001664d80_0;
    %assign/vec4 v0x600001664b40_0, 0;
T_5.2 ;
T_5.1 ;
    %jmp T_5;
    .thread T_5;
    .scope S_0x11f605010;
T_6 ;
    %wait E_0x600002a64210;
    %load/vec4 v0x600001664ab0_0;
    %flag_set/vec4 8;
    %jmp/0xz  T_6.0, 8;
    %pushi/vec4 0, 0, 26;
    %assign/vec4 v0x600001664b40_0, 0;
    %jmp T_6.1;
T_6.0 ;
    %load/vec4 v0x600001664c60_0;
    %flag_set/vec4 8;
    %jmp/0xz  T_6.2, 8;
    %pushi/vec4 32768, 0, 26;
    %assign/vec4 v0x6000016647e0_0, 0;
    %jmp T_6.3;
T_6.2 ;
    %load/vec4 v0x6000016647e0_0;
    %ix/load 4, 1, 0;
    %flag_set/imm 4, 0;
    %shiftr 4;
    %assign/vec4 v0x6000016647e0_0, 0;
T_6.3 ;
T_6.1 ;
    %jmp T_6;
    .thread T_6;
    .scope S_0x11f604bc0;
T_7 ;
    %vpi_call 2 20 "$dumpfile", "mysimdata.vcd" {0 0 0};
    %vpi_call 2 21 "$dumpvars", 32'sb00000000000000000000000000000000, S_0x11f604bc0 {0 0 0};
    %end;
    .thread T_7;
    .scope S_0x11f604bc0;
T_8 ;
    %pushi/vec4 0, 0, 1;
    %store/vec4 v0x600001664f30_0, 0, 1;
    %pushi/vec4 0, 0, 1;
    %store/vec4 v0x600001664fc0_0, 0, 1;
    %pushi/vec4 0, 0, 52;
    %store/vec4 v0x600001665200_0, 0, 52;
    %pushi/vec4 0, 0, 1;
    %store/vec4 v0x6000016650e0_0, 0, 1;
    %pushi/vec4 0, 0, 1;
    %store/vec4 v0x600001665170_0, 0, 1;
    %end;
    .thread T_8;
    .scope S_0x11f604bc0;
T_9 ;
T_9.0 ;
    %delay 5, 0;
    %load/vec4 v0x600001664f30_0;
    %inv;
    %store/vec4 v0x600001664f30_0, 0, 1;
    %jmp T_9.0;
    %end;
    .thread T_9;
    .scope S_0x11f604bc0;
T_10 ;
    %delay 3, 0;
    %pushi/vec4 1, 0, 1;
    %store/vec4 v0x600001664fc0_0, 0, 1;
    %delay 20, 0;
    %pushi/vec4 0, 0, 1;
    %store/vec4 v0x600001664fc0_0, 0, 1;
    %end;
    .thread T_10;
    .scope S_0x11f604bc0;
T_11 ;
    %delay 100000000, 0;
    %vpi_call 2 96 "$stop" {0 0 0};
    %end;
    .thread T_11;
    .scope S_0x11f604bc0;
T_12 ;
    %delay 100, 0;
    %pushi/vec4 123456, 0, 32;
    %store/vec4 v0x600001664360_0, 0, 32;
    %fork TD_psdsqrt_tb.execsqrt, S_0x11f604d30;
    %join;
    %pushi/vec4 123456, 0, 32;
    %store/vec4 v0x600001664630_0, 0, 32;
    %callf/vec4 TD_psdsqrt_tb.golden_sqrt, S_0x11f604ea0;
    %vpi_call 2 113 "$display", "Golden: %d, sqrt = %d", S<0,vec4,u16>, v0x600001665050_0 {1 0 0};
    %delay 100, 0;
    %vpi_call 2 131 "$stop" {0 0 0};
    %end;
    .thread T_12;
# The file index is used to find the file name in the following table.
:file_names 4;
    "N/A";
    "<interactive>";
    "psdsqrt_tb.v";
    "psdsqrt.v";
